<?xml version="1.0" encoding="UTF-8"?>
<!-- Generated by org.testng.reporters.JUnitReportReporter -->
<testsuite skipped="0" hostname="DESKTOP-K2TST02" name="com.qa.orangehrm.tests.AddEmployeePageTest" tests="1" failures="0" timestamp="06 Sep 2022 05:06:58 GMT" time="0.006" errors="0">
  <testcase name="addEmployeeDataTest" time="0.006" classname="com.qa.orangehrm.tests.AddEmployeePageTest"/>
</testsuite> <!-- com.qa.orangehrm.tests.AddEmployeePageTest -->
