<?xml version="1.0" encoding="UTF-8"?>
<!-- Generated by org.testng.reporters.JUnitReportReporter -->
<testsuite hostname="DESKTOP-K2TST02" failures="0" tests="1" name="com.qa.orangehrm.tests.TimeSheetPageTest" time="7.926" errors="0" timestamp="23 Sep 2022 03:54:43 GMT" skipped="0">
  <testcase classname="com.qa.orangehrm.tests.TimeSheetPageTest" name="editingHourTest" time="7.926"/>
</testsuite> <!-- com.qa.orangehrm.tests.TimeSheetPageTest -->
