<?xml version="1.0" encoding="UTF-8"?>
<!-- Generated by org.testng.reporters.JUnitReportReporter -->
<testsuite skipped="0" hostname="DESKTOP-K2TST02" name="com.qa.orangehrm.tests.DashboardPageTest" tests="1" failures="0" timestamp="17 Aug 2022 02:28:36 GMT" time="0.042" errors="0">
  <testcase name="dashboardPageHeaderTest" time="0.042" classname="com.qa.orangehrm.tests.DashboardPageTest"/>
</testsuite> <!-- com.qa.orangehrm.tests.DashboardPageTest -->
