<?xml version="1.0" encoding="UTF-8"?>
<!-- Generated by org.testng.reporters.JUnitReportReporter -->
<testsuite hostname="DESKTOP-K2TST02" failures="0" tests="3" name="com.qa.orangehrm.tests.PimPageTest" time="5.220" errors="0" timestamp="30 Sep 2022 01:29:59 GMT" skipped="0">
  <testcase classname="com.qa.orangehrm.tests.PimPageTest" name="dashboardPageHeaderTest" time="2.521"/>
  <testcase classname="com.qa.orangehrm.tests.PimPageTest" name="addEmployee" time="1.399"/>
  <testcase classname="com.qa.orangehrm.tests.PimPageTest" name="addEmployee" time="1.300"/>
</testsuite> <!-- com.qa.orangehrm.tests.PimPageTest -->
