<?xml version="1.0" encoding="UTF-8"?>
<!-- Generated by org.testng.reporters.JUnitReportReporter -->
<testsuite hostname="DESKTOP-K2TST02" failures="0" tests="1" name="Practice.ScrollByVisibleElement" time="3.223" errors="0" timestamp="23 Sep 2022 19:05:20 GMT" skipped="0">
  <testcase classname="Practice.ScrollByVisibleElement" name="ByVisibleElement" time="3.223"/>
</testsuite> <!-- Practice.ScrollByVisibleElement -->
