<?xml version="1.0" encoding="UTF-8"?>
<!-- Generated by org.testng.reporters.JUnitReportReporter -->
<testsuite hostname="DESKTOP-K2TST02" failures="0" tests="3" name="com.qa.orangehrm.tests.LoginPageTest" time="2.461" errors="0" timestamp="24 Sep 2022 21:02:42 GMT" skipped="0">
  <testcase classname="com.qa.orangehrm.tests.LoginPageTest" name="loginPageTitleTest" time="0.014"/>
  <testcase classname="com.qa.orangehrm.tests.LoginPageTest" name="forgotPwdLinkTest" time="0.419"/>
  <testcase classname="com.qa.orangehrm.tests.LoginPageTest" name="loginTest" time="2.028"/>
</testsuite> <!-- com.qa.orangehrm.tests.LoginPageTest -->
