<?xml version="1.0" encoding="UTF-8"?>
<!-- Generated by org.testng.reporters.JUnitReportReporter -->
<testsuite skipped="0" hostname="DESKTOP-K2TST02" name="com.qa.orangehrm.tests.PunchInPageTest" tests="2" failures="0" timestamp="17 Aug 2022 01:58:45 GMT" time="0.790" errors="0">
  <testcase name="punchIn" time="0.604" classname="com.qa.orangehrm.tests.PunchInPageTest"/>
  <testcase name="headerDisplay" time="0.186" classname="com.qa.orangehrm.tests.PunchInPageTest"/>
</testsuite> <!-- com.qa.orangehrm.tests.PunchInPageTest -->
