<?xml version="1.0" encoding="UTF-8"?>
<!-- Generated by org.testng.reporters.JUnitReportReporter -->
<testsuite skipped="0" hostname="DESKTOP-K2TST02" name="com.qa.orangehrm.tests.PimPageTest" tests="1" failures="0" timestamp="06 Sep 2022 04:59:35 GMT" time="2.831" errors="0">
  <testcase name="dashboardPageHeaderTest" time="2.831" classname="com.qa.orangehrm.tests.PimPageTest"/>
</testsuite> <!-- com.qa.orangehrm.tests.PimPageTest -->
