<?xml version="1.0" encoding="UTF-8"?>
<!-- Generated by org.testng.reporters.JUnitReportReporter -->
<testsuite hostname="DESKTOP-K2TST02" failures="0" tests="1" name="com.qa.orangehrm.tests.DirectoryPageTest" time="0.096" errors="0" timestamp="07 Sep 2022 18:53:04 GMT" skipped="0">
  <testcase classname="com.qa.orangehrm.tests.DirectoryPageTest" name="headerTest" time="0.096"/>
</testsuite> <!-- com.qa.orangehrm.tests.DirectoryPageTest -->
