<?xml version="1.0" encoding="UTF-8"?>
<!-- Generated by org.testng.reporters.JUnitReportReporter -->
<testsuite hostname="DESKTOP-K2TST02" failures="0" tests="3" name="com.qa.orangehrm.tests.LoginPageTest" time="3.825" errors="0" timestamp="17 Sep 2022 02:25:14 GMT" skipped="0">
  <testcase classname="com.qa.orangehrm.tests.LoginPageTest" name="loginPageTitleTest" time="0.016"/>
  <testcase classname="com.qa.orangehrm.tests.LoginPageTest" name="forgotPwdLinkTest" time="0.572"/>
  <testcase classname="com.qa.orangehrm.tests.LoginPageTest" name="loginTest" time="3.237"/>
</testsuite> <!-- com.qa.orangehrm.tests.LoginPageTest -->
