<?xml version="1.0" encoding="UTF-8"?>
<!-- Generated by org.testng.reporters.JUnitReportReporter -->
<testsuite skipped="0" hostname="DESKTOP-K2TST02" name="com.qa.orangehrm.tests.LoginPageTest" tests="3" failures="0" timestamp="09 Sep 2022 23:24:18 GMT" time="7.420" errors="0">
  <testcase name="loginPageTitleTest" time="0.049" classname="com.qa.orangehrm.tests.LoginPageTest"/>
  <testcase name="forgotPwdLinkTest" time="1.758" classname="com.qa.orangehrm.tests.LoginPageTest"/>
  <testcase name="loginTest" time="5.613" classname="com.qa.orangehrm.tests.LoginPageTest"/>
</testsuite> <!-- com.qa.orangehrm.tests.LoginPageTest -->
